Symlinking /home/robot/ws/catkin_ws/devel/lib/python3/dist-packages/turtlebot_msgs/__init__.py
Symlinking /home/robot/ws/catkin_ws/devel/lib/python3/dist-packages/turtlebot_msgs/msg/_PanoramaImg.py
Symlinking /home/robot/ws/catkin_ws/devel/lib/python3/dist-packages/turtlebot_msgs/msg/__init__.py
Symlinking /home/robot/ws/catkin_ws/devel/lib/python3/dist-packages/turtlebot_msgs/srv/_TakePanorama.py
Symlinking /home/robot/ws/catkin_ws/devel/lib/python3/dist-packages/turtlebot_msgs/srv/_SetFollowState.py
Symlinking /home/robot/ws/catkin_ws/devel/lib/python3/dist-packages/turtlebot_msgs/srv/__init__.py
Symlinking /home/robot/ws/catkin_ws/devel/lib/pkgconfig/turtlebot_msgs.pc
Symlinking /home/robot/ws/catkin_ws/devel/include/turtlebot_msgs/PanoramaImg.h
Symlinking /home/robot/ws/catkin_ws/devel/include/turtlebot_msgs/TakePanorama.h
Symlinking /home/robot/ws/catkin_ws/devel/include/turtlebot_msgs/TakePanoramaRequest.h
Symlinking /home/robot/ws/catkin_ws/devel/include/turtlebot_msgs/SetFollowStateRequest.h
Symlinking /home/robot/ws/catkin_ws/devel/include/turtlebot_msgs/TakePanoramaResponse.h
Symlinking /home/robot/ws/catkin_ws/devel/include/turtlebot_msgs/SetFollowStateResponse.h
Symlinking /home/robot/ws/catkin_ws/devel/include/turtlebot_msgs/SetFollowState.h
Symlinking /home/robot/ws/catkin_ws/devel/share/common-lisp/ros/turtlebot_msgs/msg/PanoramaImg.lisp
Symlinking /home/robot/ws/catkin_ws/devel/share/common-lisp/ros/turtlebot_msgs/msg/_package_PanoramaImg.lisp
Symlinking /home/robot/ws/catkin_ws/devel/share/common-lisp/ros/turtlebot_msgs/msg/turtlebot_msgs-msg.asd
Symlinking /home/robot/ws/catkin_ws/devel/share/common-lisp/ros/turtlebot_msgs/msg/_package.lisp
Symlinking /home/robot/ws/catkin_ws/devel/share/common-lisp/ros/turtlebot_msgs/srv/TakePanorama.lisp
Symlinking /home/robot/ws/catkin_ws/devel/share/common-lisp/ros/turtlebot_msgs/srv/_package_SetFollowState.lisp
Symlinking /home/robot/ws/catkin_ws/devel/share/common-lisp/ros/turtlebot_msgs/srv/SetFollowState.lisp
Symlinking /home/robot/ws/catkin_ws/devel/share/common-lisp/ros/turtlebot_msgs/srv/turtlebot_msgs-srv.asd
Symlinking /home/robot/ws/catkin_ws/devel/share/common-lisp/ros/turtlebot_msgs/srv/_package_TakePanorama.lisp
Symlinking /home/robot/ws/catkin_ws/devel/share/common-lisp/ros/turtlebot_msgs/srv/_package.lisp
Symlinking /home/robot/ws/catkin_ws/devel/share/gennodejs/ros/turtlebot_msgs/_index.js
Symlinking /home/robot/ws/catkin_ws/devel/share/gennodejs/ros/turtlebot_msgs/msg/PanoramaImg.js
Symlinking /home/robot/ws/catkin_ws/devel/share/gennodejs/ros/turtlebot_msgs/msg/_index.js
Symlinking /home/robot/ws/catkin_ws/devel/share/gennodejs/ros/turtlebot_msgs/srv/_index.js
Symlinking /home/robot/ws/catkin_ws/devel/share/gennodejs/ros/turtlebot_msgs/srv/TakePanorama.js
Symlinking /home/robot/ws/catkin_ws/devel/share/gennodejs/ros/turtlebot_msgs/srv/SetFollowState.js
Symlinking /home/robot/ws/catkin_ws/devel/share/roseus/ros/turtlebot_msgs/manifest.l
Symlinking /home/robot/ws/catkin_ws/devel/share/roseus/ros/turtlebot_msgs/msg/PanoramaImg.l
Symlinking /home/robot/ws/catkin_ws/devel/share/roseus/ros/turtlebot_msgs/srv/SetFollowState.l
Symlinking /home/robot/ws/catkin_ws/devel/share/roseus/ros/turtlebot_msgs/srv/TakePanorama.l
Symlinking /home/robot/ws/catkin_ws/devel/share/turtlebot_msgs/cmake/turtlebot_msgs-msg-paths.cmake
Symlinking /home/robot/ws/catkin_ws/devel/share/turtlebot_msgs/cmake/turtlebot_msgs-msg-extras.cmake
Symlinking /home/robot/ws/catkin_ws/devel/share/turtlebot_msgs/cmake/turtlebot_msgsConfig-version.cmake
Symlinking /home/robot/ws/catkin_ws/devel/share/turtlebot_msgs/cmake/turtlebot_msgsConfig.cmake
Cleaning: (/home/robot/catkin_ws/devel/.private/turtlebot_msgs/lib/python3/dist-packages/turtlebot_msgs/__init__.py, /home/robot/catkin_ws/devel/lib/python3/dist-packages/turtlebot_msgs/__init__.py)
Cleaning: (/home/robot/catkin_ws/devel/.private/turtlebot_msgs/lib/python3/dist-packages/turtlebot_msgs/msg/_PanoramaImg.py, /home/robot/catkin_ws/devel/lib/python3/dist-packages/turtlebot_msgs/msg/_PanoramaImg.py)
Cleaning: (/home/robot/catkin_ws/devel/.private/turtlebot_msgs/lib/python3/dist-packages/turtlebot_msgs/msg/__init__.py, /home/robot/catkin_ws/devel/lib/python3/dist-packages/turtlebot_msgs/msg/__init__.py)
Cleaning: (/home/robot/catkin_ws/devel/.private/turtlebot_msgs/lib/python3/dist-packages/turtlebot_msgs/srv/_TakePanorama.py, /home/robot/catkin_ws/devel/lib/python3/dist-packages/turtlebot_msgs/srv/_TakePanorama.py)
Cleaning: (/home/robot/catkin_ws/devel/.private/turtlebot_msgs/lib/python3/dist-packages/turtlebot_msgs/srv/_SetFollowState.py, /home/robot/catkin_ws/devel/lib/python3/dist-packages/turtlebot_msgs/srv/_SetFollowState.py)
Cleaning: (/home/robot/catkin_ws/devel/.private/turtlebot_msgs/lib/python3/dist-packages/turtlebot_msgs/srv/__init__.py, /home/robot/catkin_ws/devel/lib/python3/dist-packages/turtlebot_msgs/srv/__init__.py)
Cleaning: (/home/robot/catkin_ws/devel/.private/turtlebot_msgs/lib/pkgconfig/turtlebot_msgs.pc, /home/robot/catkin_ws/devel/lib/pkgconfig/turtlebot_msgs.pc)
Cleaning: (/home/robot/catkin_ws/devel/.private/turtlebot_msgs/include/turtlebot_msgs/PanoramaImg.h, /home/robot/catkin_ws/devel/include/turtlebot_msgs/PanoramaImg.h)
Cleaning: (/home/robot/catkin_ws/devel/.private/turtlebot_msgs/include/turtlebot_msgs/TakePanorama.h, /home/robot/catkin_ws/devel/include/turtlebot_msgs/TakePanorama.h)
Cleaning: (/home/robot/catkin_ws/devel/.private/turtlebot_msgs/include/turtlebot_msgs/TakePanoramaRequest.h, /home/robot/catkin_ws/devel/include/turtlebot_msgs/TakePanoramaRequest.h)
Cleaning: (/home/robot/catkin_ws/devel/.private/turtlebot_msgs/include/turtlebot_msgs/SetFollowStateRequest.h, /home/robot/catkin_ws/devel/include/turtlebot_msgs/SetFollowStateRequest.h)
Cleaning: (/home/robot/catkin_ws/devel/.private/turtlebot_msgs/include/turtlebot_msgs/TakePanoramaResponse.h, /home/robot/catkin_ws/devel/include/turtlebot_msgs/TakePanoramaResponse.h)
Cleaning: (/home/robot/catkin_ws/devel/.private/turtlebot_msgs/include/turtlebot_msgs/SetFollowStateResponse.h, /home/robot/catkin_ws/devel/include/turtlebot_msgs/SetFollowStateResponse.h)
Cleaning: (/home/robot/catkin_ws/devel/.private/turtlebot_msgs/include/turtlebot_msgs/SetFollowState.h, /home/robot/catkin_ws/devel/include/turtlebot_msgs/SetFollowState.h)
Cleaning: (/home/robot/catkin_ws/devel/.private/turtlebot_msgs/share/common-lisp/ros/turtlebot_msgs/msg/PanoramaImg.lisp, /home/robot/catkin_ws/devel/share/common-lisp/ros/turtlebot_msgs/msg/PanoramaImg.lisp)
Cleaning: (/home/robot/catkin_ws/devel/.private/turtlebot_msgs/share/common-lisp/ros/turtlebot_msgs/msg/_package_PanoramaImg.lisp, /home/robot/catkin_ws/devel/share/common-lisp/ros/turtlebot_msgs/msg/_package_PanoramaImg.lisp)
Cleaning: (/home/robot/catkin_ws/devel/.private/turtlebot_msgs/share/common-lisp/ros/turtlebot_msgs/msg/turtlebot_msgs-msg.asd, /home/robot/catkin_ws/devel/share/common-lisp/ros/turtlebot_msgs/msg/turtlebot_msgs-msg.asd)
Cleaning: (/home/robot/catkin_ws/devel/.private/turtlebot_msgs/share/common-lisp/ros/turtlebot_msgs/msg/_package.lisp, /home/robot/catkin_ws/devel/share/common-lisp/ros/turtlebot_msgs/msg/_package.lisp)
Cleaning: (/home/robot/catkin_ws/devel/.private/turtlebot_msgs/share/common-lisp/ros/turtlebot_msgs/srv/TakePanorama.lisp, /home/robot/catkin_ws/devel/share/common-lisp/ros/turtlebot_msgs/srv/TakePanorama.lisp)
Cleaning: (/home/robot/catkin_ws/devel/.private/turtlebot_msgs/share/common-lisp/ros/turtlebot_msgs/srv/_package_SetFollowState.lisp, /home/robot/catkin_ws/devel/share/common-lisp/ros/turtlebot_msgs/srv/_package_SetFollowState.lisp)
Cleaning: (/home/robot/catkin_ws/devel/.private/turtlebot_msgs/share/common-lisp/ros/turtlebot_msgs/srv/SetFollowState.lisp, /home/robot/catkin_ws/devel/share/common-lisp/ros/turtlebot_msgs/srv/SetFollowState.lisp)
Cleaning: (/home/robot/catkin_ws/devel/.private/turtlebot_msgs/share/common-lisp/ros/turtlebot_msgs/srv/turtlebot_msgs-srv.asd, /home/robot/catkin_ws/devel/share/common-lisp/ros/turtlebot_msgs/srv/turtlebot_msgs-srv.asd)
Cleaning: (/home/robot/catkin_ws/devel/.private/turtlebot_msgs/share/common-lisp/ros/turtlebot_msgs/srv/_package_TakePanorama.lisp, /home/robot/catkin_ws/devel/share/common-lisp/ros/turtlebot_msgs/srv/_package_TakePanorama.lisp)
Cleaning: (/home/robot/catkin_ws/devel/.private/turtlebot_msgs/share/common-lisp/ros/turtlebot_msgs/srv/_package.lisp, /home/robot/catkin_ws/devel/share/common-lisp/ros/turtlebot_msgs/srv/_package.lisp)
Cleaning: (/home/robot/catkin_ws/devel/.private/turtlebot_msgs/share/gennodejs/ros/turtlebot_msgs/_index.js, /home/robot/catkin_ws/devel/share/gennodejs/ros/turtlebot_msgs/_index.js)
Cleaning: (/home/robot/catkin_ws/devel/.private/turtlebot_msgs/share/gennodejs/ros/turtlebot_msgs/msg/PanoramaImg.js, /home/robot/catkin_ws/devel/share/gennodejs/ros/turtlebot_msgs/msg/PanoramaImg.js)
Cleaning: (/home/robot/catkin_ws/devel/.private/turtlebot_msgs/share/gennodejs/ros/turtlebot_msgs/msg/_index.js, /home/robot/catkin_ws/devel/share/gennodejs/ros/turtlebot_msgs/msg/_index.js)
Cleaning: (/home/robot/catkin_ws/devel/.private/turtlebot_msgs/share/gennodejs/ros/turtlebot_msgs/srv/_index.js, /home/robot/catkin_ws/devel/share/gennodejs/ros/turtlebot_msgs/srv/_index.js)
Cleaning: (/home/robot/catkin_ws/devel/.private/turtlebot_msgs/share/gennodejs/ros/turtlebot_msgs/srv/TakePanorama.js, /home/robot/catkin_ws/devel/share/gennodejs/ros/turtlebot_msgs/srv/TakePanorama.js)
Cleaning: (/home/robot/catkin_ws/devel/.private/turtlebot_msgs/share/gennodejs/ros/turtlebot_msgs/srv/SetFollowState.js, /home/robot/catkin_ws/devel/share/gennodejs/ros/turtlebot_msgs/srv/SetFollowState.js)
Cleaning: (/home/robot/catkin_ws/devel/.private/turtlebot_msgs/share/roseus/ros/turtlebot_msgs/manifest.l, /home/robot/catkin_ws/devel/share/roseus/ros/turtlebot_msgs/manifest.l)
Cleaning: (/home/robot/catkin_ws/devel/.private/turtlebot_msgs/share/roseus/ros/turtlebot_msgs/msg/PanoramaImg.l, /home/robot/catkin_ws/devel/share/roseus/ros/turtlebot_msgs/msg/PanoramaImg.l)
Cleaning: (/home/robot/catkin_ws/devel/.private/turtlebot_msgs/share/roseus/ros/turtlebot_msgs/srv/SetFollowState.l, /home/robot/catkin_ws/devel/share/roseus/ros/turtlebot_msgs/srv/SetFollowState.l)
Cleaning: (/home/robot/catkin_ws/devel/.private/turtlebot_msgs/share/roseus/ros/turtlebot_msgs/srv/TakePanorama.l, /home/robot/catkin_ws/devel/share/roseus/ros/turtlebot_msgs/srv/TakePanorama.l)
Cleaning: (/home/robot/catkin_ws/devel/.private/turtlebot_msgs/share/turtlebot_msgs/cmake/turtlebot_msgs-msg-paths.cmake, /home/robot/catkin_ws/devel/share/turtlebot_msgs/cmake/turtlebot_msgs-msg-paths.cmake)
Cleaning: (/home/robot/catkin_ws/devel/.private/turtlebot_msgs/share/turtlebot_msgs/cmake/turtlebot_msgs-msg-extras.cmake, /home/robot/catkin_ws/devel/share/turtlebot_msgs/cmake/turtlebot_msgs-msg-extras.cmake)
Cleaning: (/home/robot/catkin_ws/devel/.private/turtlebot_msgs/share/turtlebot_msgs/cmake/turtlebot_msgsConfig-version.cmake, /home/robot/catkin_ws/devel/share/turtlebot_msgs/cmake/turtlebot_msgsConfig-version.cmake)
Cleaning: (/home/robot/catkin_ws/devel/.private/turtlebot_msgs/share/turtlebot_msgs/cmake/turtlebot_msgsConfig.cmake, /home/robot/catkin_ws/devel/share/turtlebot_msgs/cmake/turtlebot_msgsConfig.cmake)
Unlinking: /home/robot/catkin_ws/devel/lib/python3/dist-packages/turtlebot_msgs/__init__.py
Already unlinked: {}
Unlinking: /home/robot/catkin_ws/devel/lib/python3/dist-packages/turtlebot_msgs/msg/_PanoramaImg.py
Already unlinked: {}
Unlinking: /home/robot/catkin_ws/devel/lib/python3/dist-packages/turtlebot_msgs/msg/__init__.py
Already unlinked: {}
Unlinking: /home/robot/catkin_ws/devel/lib/python3/dist-packages/turtlebot_msgs/srv/_TakePanorama.py
Already unlinked: {}
Unlinking: /home/robot/catkin_ws/devel/lib/python3/dist-packages/turtlebot_msgs/srv/_SetFollowState.py
Already unlinked: {}
Unlinking: /home/robot/catkin_ws/devel/lib/python3/dist-packages/turtlebot_msgs/srv/__init__.py
Already unlinked: {}
Unlinking: /home/robot/catkin_ws/devel/lib/pkgconfig/turtlebot_msgs.pc
Already unlinked: {}
Unlinking: /home/robot/catkin_ws/devel/include/turtlebot_msgs/PanoramaImg.h
Already unlinked: {}
Unlinking: /home/robot/catkin_ws/devel/include/turtlebot_msgs/TakePanorama.h
Already unlinked: {}
Unlinking: /home/robot/catkin_ws/devel/include/turtlebot_msgs/TakePanoramaRequest.h
Already unlinked: {}
Unlinking: /home/robot/catkin_ws/devel/include/turtlebot_msgs/SetFollowStateRequest.h
Already unlinked: {}
Unlinking: /home/robot/catkin_ws/devel/include/turtlebot_msgs/TakePanoramaResponse.h
Already unlinked: {}
Unlinking: /home/robot/catkin_ws/devel/include/turtlebot_msgs/SetFollowStateResponse.h
Already unlinked: {}
Unlinking: /home/robot/catkin_ws/devel/include/turtlebot_msgs/SetFollowState.h
Already unlinked: {}
Unlinking: /home/robot/catkin_ws/devel/share/common-lisp/ros/turtlebot_msgs/msg/PanoramaImg.lisp
Already unlinked: {}
Unlinking: /home/robot/catkin_ws/devel/share/common-lisp/ros/turtlebot_msgs/msg/_package_PanoramaImg.lisp
Already unlinked: {}
Unlinking: /home/robot/catkin_ws/devel/share/common-lisp/ros/turtlebot_msgs/msg/turtlebot_msgs-msg.asd
Already unlinked: {}
Unlinking: /home/robot/catkin_ws/devel/share/common-lisp/ros/turtlebot_msgs/msg/_package.lisp
Already unlinked: {}
Unlinking: /home/robot/catkin_ws/devel/share/common-lisp/ros/turtlebot_msgs/srv/TakePanorama.lisp
Already unlinked: {}
Unlinking: /home/robot/catkin_ws/devel/share/common-lisp/ros/turtlebot_msgs/srv/_package_SetFollowState.lisp
Already unlinked: {}
Unlinking: /home/robot/catkin_ws/devel/share/common-lisp/ros/turtlebot_msgs/srv/SetFollowState.lisp
Already unlinked: {}
Unlinking: /home/robot/catkin_ws/devel/share/common-lisp/ros/turtlebot_msgs/srv/turtlebot_msgs-srv.asd
Already unlinked: {}
Unlinking: /home/robot/catkin_ws/devel/share/common-lisp/ros/turtlebot_msgs/srv/_package_TakePanorama.lisp
Already unlinked: {}
Unlinking: /home/robot/catkin_ws/devel/share/common-lisp/ros/turtlebot_msgs/srv/_package.lisp
Already unlinked: {}
Unlinking: /home/robot/catkin_ws/devel/share/gennodejs/ros/turtlebot_msgs/_index.js
Already unlinked: {}
Unlinking: /home/robot/catkin_ws/devel/share/gennodejs/ros/turtlebot_msgs/msg/PanoramaImg.js
Already unlinked: {}
Unlinking: /home/robot/catkin_ws/devel/share/gennodejs/ros/turtlebot_msgs/msg/_index.js
Already unlinked: {}
Unlinking: /home/robot/catkin_ws/devel/share/gennodejs/ros/turtlebot_msgs/srv/_index.js
Already unlinked: {}
Unlinking: /home/robot/catkin_ws/devel/share/gennodejs/ros/turtlebot_msgs/srv/TakePanorama.js
Already unlinked: {}
Unlinking: /home/robot/catkin_ws/devel/share/gennodejs/ros/turtlebot_msgs/srv/SetFollowState.js
Already unlinked: {}
Unlinking: /home/robot/catkin_ws/devel/share/roseus/ros/turtlebot_msgs/manifest.l
Already unlinked: {}
Unlinking: /home/robot/catkin_ws/devel/share/roseus/ros/turtlebot_msgs/msg/PanoramaImg.l
Already unlinked: {}
Unlinking: /home/robot/catkin_ws/devel/share/roseus/ros/turtlebot_msgs/srv/SetFollowState.l
Already unlinked: {}
Unlinking: /home/robot/catkin_ws/devel/share/roseus/ros/turtlebot_msgs/srv/TakePanorama.l
Already unlinked: {}
Unlinking: /home/robot/catkin_ws/devel/share/turtlebot_msgs/cmake/turtlebot_msgs-msg-paths.cmake
Already unlinked: {}
Unlinking: /home/robot/catkin_ws/devel/share/turtlebot_msgs/cmake/turtlebot_msgs-msg-extras.cmake
Already unlinked: {}
Unlinking: /home/robot/catkin_ws/devel/share/turtlebot_msgs/cmake/turtlebot_msgsConfig-version.cmake
Already unlinked: {}
Unlinking: /home/robot/catkin_ws/devel/share/turtlebot_msgs/cmake/turtlebot_msgsConfig.cmake
Already unlinked: {}
