[35m[1mScanning dependencies of target _dynamixel_msgs_generate_messages_check_deps_MotorState[0m
[35m[1mScanning dependencies of target _dynamixel_msgs_generate_messages_check_deps_JointState[0m
[35m[1mScanning dependencies of target _dynamixel_msgs_generate_messages_check_deps_MotorStateList[0m
[35m[1mScanning dependencies of target std_msgs_generate_messages_cpp[0m
[35m[1mScanning dependencies of target std_msgs_generate_messages_lisp[0m
[  0%] Built target std_msgs_generate_messages_lisp
[  0%] Built target _dynamixel_msgs_generate_messages_check_deps_JointState
[  0%] Built target std_msgs_generate_messages_cpp
[  0%] Built target _dynamixel_msgs_generate_messages_check_deps_MotorState
[  0%] Built target _dynamixel_msgs_generate_messages_check_deps_MotorStateList
[35m[1mScanning dependencies of target std_msgs_generate_messages_py[0m
[35m[1mScanning dependencies of target std_msgs_generate_messages_nodejs[0m
[35m[1mScanning dependencies of target std_msgs_generate_messages_eus[0m
[  0%] Built target std_msgs_generate_messages_py
[35m[1mScanning dependencies of target dynamixel_msgs_generate_messages_cpp[0m
[35m[1mScanning dependencies of target dynamixel_msgs_generate_messages_lisp[0m
[  0%] Built target std_msgs_generate_messages_nodejs
[  0%] Built target std_msgs_generate_messages_eus
[  5%] [34m[1mGenerating C++ code from dynamixel_msgs/MotorState.msg[0m
[35m[1mScanning dependencies of target dynamixel_msgs_generate_messages_py[0m
[ 11%] [34m[1mGenerating C++ code from dynamixel_msgs/JointState.msg[0m
[ 17%] [34m[1mGenerating Lisp code from dynamixel_msgs/JointState.msg[0m
[ 23%] [34m[1mGenerating Python from MSG dynamixel_msgs/JointState[0m
[ 29%] [34m[1mGenerating C++ code from dynamixel_msgs/MotorStateList.msg[0m
[35m[1mScanning dependencies of target dynamixel_msgs_generate_messages_nodejs[0m
[ 35%] [34m[1mGenerating Javascript code from dynamixel_msgs/JointState.msg[0m
[ 41%] [34m[1mGenerating Lisp code from dynamixel_msgs/MotorState.msg[0m
[ 47%] [34m[1mGenerating Javascript code from dynamixel_msgs/MotorStateList.msg[0m
[ 52%] [34m[1mGenerating Javascript code from dynamixel_msgs/MotorState.msg[0m
[ 58%] [34m[1mGenerating Lisp code from dynamixel_msgs/MotorStateList.msg[0m
[ 64%] [34m[1mGenerating Python from MSG dynamixel_msgs/MotorState[0m
[35m[1mScanning dependencies of target dynamixel_msgs_generate_messages_eus[0m
[ 64%] Built target dynamixel_msgs_generate_messages_cpp
[ 70%] [34m[1mGenerating Python from MSG dynamixel_msgs/MotorStateList[0m
[ 70%] Built target dynamixel_msgs_generate_messages_nodejs
[ 70%] Built target dynamixel_msgs_generate_messages_lisp
[ 76%] [34m[1mGenerating EusLisp code from dynamixel_msgs/JointState.msg[0m
[ 82%] [34m[1mGenerating EusLisp code from dynamixel_msgs/MotorState.msg[0m
[ 88%] [34m[1mGenerating EusLisp code from dynamixel_msgs/MotorStateList.msg[0m
[ 94%] [34m[1mGenerating EusLisp manifest code for dynamixel_msgs[0m
[100%] [34m[1mGenerating Python msg __init__.py for dynamixel_msgs[0m
[100%] Built target dynamixel_msgs_generate_messages_py
[100%] Built target dynamixel_msgs_generate_messages_eus
[35m[1mScanning dependencies of target dynamixel_msgs_generate_messages[0m
[100%] Built target dynamixel_msgs_generate_messages
