Symlinking /home/robot/ws/catkin_ws/devel/lib/python3/dist-packages/dynamixel_msgs/__init__.py
Symlinking /home/robot/ws/catkin_ws/devel/lib/python3/dist-packages/dynamixel_msgs/msg/_MotorStateList.py
Symlinking /home/robot/ws/catkin_ws/devel/lib/python3/dist-packages/dynamixel_msgs/msg/_JointState.py
Symlinking /home/robot/ws/catkin_ws/devel/lib/python3/dist-packages/dynamixel_msgs/msg/__init__.py
Symlinking /home/robot/ws/catkin_ws/devel/lib/python3/dist-packages/dynamixel_msgs/msg/_MotorState.py
Symlinking /home/robot/ws/catkin_ws/devel/lib/pkgconfig/dynamixel_msgs.pc
Symlinking /home/robot/ws/catkin_ws/devel/include/dynamixel_msgs/MotorStateList.h
Symlinking /home/robot/ws/catkin_ws/devel/include/dynamixel_msgs/JointState.h
Symlinking /home/robot/ws/catkin_ws/devel/include/dynamixel_msgs/MotorState.h
Symlinking /home/robot/ws/catkin_ws/devel/share/common-lisp/ros/dynamixel_msgs/msg/JointState.lisp
Symlinking /home/robot/ws/catkin_ws/devel/share/common-lisp/ros/dynamixel_msgs/msg/MotorState.lisp
Symlinking /home/robot/ws/catkin_ws/devel/share/common-lisp/ros/dynamixel_msgs/msg/dynamixel_msgs-msg.asd
Symlinking /home/robot/ws/catkin_ws/devel/share/common-lisp/ros/dynamixel_msgs/msg/_package_JointState.lisp
Symlinking /home/robot/ws/catkin_ws/devel/share/common-lisp/ros/dynamixel_msgs/msg/_package_MotorState.lisp
Symlinking /home/robot/ws/catkin_ws/devel/share/common-lisp/ros/dynamixel_msgs/msg/MotorStateList.lisp
Symlinking /home/robot/ws/catkin_ws/devel/share/common-lisp/ros/dynamixel_msgs/msg/_package_MotorStateList.lisp
Symlinking /home/robot/ws/catkin_ws/devel/share/common-lisp/ros/dynamixel_msgs/msg/_package.lisp
Symlinking /home/robot/ws/catkin_ws/devel/share/gennodejs/ros/dynamixel_msgs/_index.js
Symlinking /home/robot/ws/catkin_ws/devel/share/gennodejs/ros/dynamixel_msgs/msg/_index.js
Symlinking /home/robot/ws/catkin_ws/devel/share/gennodejs/ros/dynamixel_msgs/msg/MotorState.js
Symlinking /home/robot/ws/catkin_ws/devel/share/gennodejs/ros/dynamixel_msgs/msg/MotorStateList.js
Symlinking /home/robot/ws/catkin_ws/devel/share/gennodejs/ros/dynamixel_msgs/msg/JointState.js
Symlinking /home/robot/ws/catkin_ws/devel/share/roseus/ros/dynamixel_msgs/manifest.l
Symlinking /home/robot/ws/catkin_ws/devel/share/roseus/ros/dynamixel_msgs/msg/JointState.l
Symlinking /home/robot/ws/catkin_ws/devel/share/roseus/ros/dynamixel_msgs/msg/MotorStateList.l
Symlinking /home/robot/ws/catkin_ws/devel/share/roseus/ros/dynamixel_msgs/msg/MotorState.l
Symlinking /home/robot/ws/catkin_ws/devel/share/dynamixel_msgs/cmake/dynamixel_msgsConfig-version.cmake
Symlinking /home/robot/ws/catkin_ws/devel/share/dynamixel_msgs/cmake/dynamixel_msgs-msg-paths.cmake
Symlinking /home/robot/ws/catkin_ws/devel/share/dynamixel_msgs/cmake/dynamixel_msgsConfig.cmake
Symlinking /home/robot/ws/catkin_ws/devel/share/dynamixel_msgs/cmake/dynamixel_msgs-msg-extras.cmake
Cleaning: (/home/robot/catkin_ws/devel/.private/dynamixel_msgs/lib/python3/dist-packages/dynamixel_msgs/__init__.py, /home/robot/catkin_ws/devel/lib/python3/dist-packages/dynamixel_msgs/__init__.py)
Cleaning: (/home/robot/catkin_ws/devel/.private/dynamixel_msgs/lib/python3/dist-packages/dynamixel_msgs/msg/_MotorStateList.py, /home/robot/catkin_ws/devel/lib/python3/dist-packages/dynamixel_msgs/msg/_MotorStateList.py)
Cleaning: (/home/robot/catkin_ws/devel/.private/dynamixel_msgs/lib/python3/dist-packages/dynamixel_msgs/msg/_JointState.py, /home/robot/catkin_ws/devel/lib/python3/dist-packages/dynamixel_msgs/msg/_JointState.py)
Cleaning: (/home/robot/catkin_ws/devel/.private/dynamixel_msgs/lib/python3/dist-packages/dynamixel_msgs/msg/__init__.py, /home/robot/catkin_ws/devel/lib/python3/dist-packages/dynamixel_msgs/msg/__init__.py)
Cleaning: (/home/robot/catkin_ws/devel/.private/dynamixel_msgs/lib/python3/dist-packages/dynamixel_msgs/msg/_MotorState.py, /home/robot/catkin_ws/devel/lib/python3/dist-packages/dynamixel_msgs/msg/_MotorState.py)
Cleaning: (/home/robot/catkin_ws/devel/.private/dynamixel_msgs/lib/pkgconfig/dynamixel_msgs.pc, /home/robot/catkin_ws/devel/lib/pkgconfig/dynamixel_msgs.pc)
Cleaning: (/home/robot/catkin_ws/devel/.private/dynamixel_msgs/include/dynamixel_msgs/MotorStateList.h, /home/robot/catkin_ws/devel/include/dynamixel_msgs/MotorStateList.h)
Cleaning: (/home/robot/catkin_ws/devel/.private/dynamixel_msgs/include/dynamixel_msgs/JointState.h, /home/robot/catkin_ws/devel/include/dynamixel_msgs/JointState.h)
Cleaning: (/home/robot/catkin_ws/devel/.private/dynamixel_msgs/include/dynamixel_msgs/MotorState.h, /home/robot/catkin_ws/devel/include/dynamixel_msgs/MotorState.h)
Cleaning: (/home/robot/catkin_ws/devel/.private/dynamixel_msgs/share/common-lisp/ros/dynamixel_msgs/msg/JointState.lisp, /home/robot/catkin_ws/devel/share/common-lisp/ros/dynamixel_msgs/msg/JointState.lisp)
Cleaning: (/home/robot/catkin_ws/devel/.private/dynamixel_msgs/share/common-lisp/ros/dynamixel_msgs/msg/MotorState.lisp, /home/robot/catkin_ws/devel/share/common-lisp/ros/dynamixel_msgs/msg/MotorState.lisp)
Cleaning: (/home/robot/catkin_ws/devel/.private/dynamixel_msgs/share/common-lisp/ros/dynamixel_msgs/msg/dynamixel_msgs-msg.asd, /home/robot/catkin_ws/devel/share/common-lisp/ros/dynamixel_msgs/msg/dynamixel_msgs-msg.asd)
Cleaning: (/home/robot/catkin_ws/devel/.private/dynamixel_msgs/share/common-lisp/ros/dynamixel_msgs/msg/_package_JointState.lisp, /home/robot/catkin_ws/devel/share/common-lisp/ros/dynamixel_msgs/msg/_package_JointState.lisp)
Cleaning: (/home/robot/catkin_ws/devel/.private/dynamixel_msgs/share/common-lisp/ros/dynamixel_msgs/msg/_package_MotorState.lisp, /home/robot/catkin_ws/devel/share/common-lisp/ros/dynamixel_msgs/msg/_package_MotorState.lisp)
Cleaning: (/home/robot/catkin_ws/devel/.private/dynamixel_msgs/share/common-lisp/ros/dynamixel_msgs/msg/MotorStateList.lisp, /home/robot/catkin_ws/devel/share/common-lisp/ros/dynamixel_msgs/msg/MotorStateList.lisp)
Cleaning: (/home/robot/catkin_ws/devel/.private/dynamixel_msgs/share/common-lisp/ros/dynamixel_msgs/msg/_package_MotorStateList.lisp, /home/robot/catkin_ws/devel/share/common-lisp/ros/dynamixel_msgs/msg/_package_MotorStateList.lisp)
Cleaning: (/home/robot/catkin_ws/devel/.private/dynamixel_msgs/share/common-lisp/ros/dynamixel_msgs/msg/_package.lisp, /home/robot/catkin_ws/devel/share/common-lisp/ros/dynamixel_msgs/msg/_package.lisp)
Cleaning: (/home/robot/catkin_ws/devel/.private/dynamixel_msgs/share/gennodejs/ros/dynamixel_msgs/_index.js, /home/robot/catkin_ws/devel/share/gennodejs/ros/dynamixel_msgs/_index.js)
Cleaning: (/home/robot/catkin_ws/devel/.private/dynamixel_msgs/share/gennodejs/ros/dynamixel_msgs/msg/_index.js, /home/robot/catkin_ws/devel/share/gennodejs/ros/dynamixel_msgs/msg/_index.js)
Cleaning: (/home/robot/catkin_ws/devel/.private/dynamixel_msgs/share/gennodejs/ros/dynamixel_msgs/msg/MotorState.js, /home/robot/catkin_ws/devel/share/gennodejs/ros/dynamixel_msgs/msg/MotorState.js)
Cleaning: (/home/robot/catkin_ws/devel/.private/dynamixel_msgs/share/gennodejs/ros/dynamixel_msgs/msg/MotorStateList.js, /home/robot/catkin_ws/devel/share/gennodejs/ros/dynamixel_msgs/msg/MotorStateList.js)
Cleaning: (/home/robot/catkin_ws/devel/.private/dynamixel_msgs/share/gennodejs/ros/dynamixel_msgs/msg/JointState.js, /home/robot/catkin_ws/devel/share/gennodejs/ros/dynamixel_msgs/msg/JointState.js)
Cleaning: (/home/robot/catkin_ws/devel/.private/dynamixel_msgs/share/roseus/ros/dynamixel_msgs/manifest.l, /home/robot/catkin_ws/devel/share/roseus/ros/dynamixel_msgs/manifest.l)
Cleaning: (/home/robot/catkin_ws/devel/.private/dynamixel_msgs/share/roseus/ros/dynamixel_msgs/msg/JointState.l, /home/robot/catkin_ws/devel/share/roseus/ros/dynamixel_msgs/msg/JointState.l)
Cleaning: (/home/robot/catkin_ws/devel/.private/dynamixel_msgs/share/roseus/ros/dynamixel_msgs/msg/MotorStateList.l, /home/robot/catkin_ws/devel/share/roseus/ros/dynamixel_msgs/msg/MotorStateList.l)
Cleaning: (/home/robot/catkin_ws/devel/.private/dynamixel_msgs/share/roseus/ros/dynamixel_msgs/msg/MotorState.l, /home/robot/catkin_ws/devel/share/roseus/ros/dynamixel_msgs/msg/MotorState.l)
Cleaning: (/home/robot/catkin_ws/devel/.private/dynamixel_msgs/share/dynamixel_msgs/cmake/dynamixel_msgsConfig-version.cmake, /home/robot/catkin_ws/devel/share/dynamixel_msgs/cmake/dynamixel_msgsConfig-version.cmake)
Cleaning: (/home/robot/catkin_ws/devel/.private/dynamixel_msgs/share/dynamixel_msgs/cmake/dynamixel_msgs-msg-paths.cmake, /home/robot/catkin_ws/devel/share/dynamixel_msgs/cmake/dynamixel_msgs-msg-paths.cmake)
Cleaning: (/home/robot/catkin_ws/devel/.private/dynamixel_msgs/share/dynamixel_msgs/cmake/dynamixel_msgsConfig.cmake, /home/robot/catkin_ws/devel/share/dynamixel_msgs/cmake/dynamixel_msgsConfig.cmake)
Cleaning: (/home/robot/catkin_ws/devel/.private/dynamixel_msgs/share/dynamixel_msgs/cmake/dynamixel_msgs-msg-extras.cmake, /home/robot/catkin_ws/devel/share/dynamixel_msgs/cmake/dynamixel_msgs-msg-extras.cmake)
Unlinking: /home/robot/catkin_ws/devel/lib/python3/dist-packages/dynamixel_msgs/__init__.py
Already unlinked: {}
Unlinking: /home/robot/catkin_ws/devel/lib/python3/dist-packages/dynamixel_msgs/msg/_MotorStateList.py
Already unlinked: {}
Unlinking: /home/robot/catkin_ws/devel/lib/python3/dist-packages/dynamixel_msgs/msg/_JointState.py
Already unlinked: {}
Unlinking: /home/robot/catkin_ws/devel/lib/python3/dist-packages/dynamixel_msgs/msg/__init__.py
Already unlinked: {}
Unlinking: /home/robot/catkin_ws/devel/lib/python3/dist-packages/dynamixel_msgs/msg/_MotorState.py
Already unlinked: {}
Unlinking: /home/robot/catkin_ws/devel/lib/pkgconfig/dynamixel_msgs.pc
Already unlinked: {}
Unlinking: /home/robot/catkin_ws/devel/include/dynamixel_msgs/MotorStateList.h
Already unlinked: {}
Unlinking: /home/robot/catkin_ws/devel/include/dynamixel_msgs/JointState.h
Already unlinked: {}
Unlinking: /home/robot/catkin_ws/devel/include/dynamixel_msgs/MotorState.h
Already unlinked: {}
Unlinking: /home/robot/catkin_ws/devel/share/common-lisp/ros/dynamixel_msgs/msg/JointState.lisp
Already unlinked: {}
Unlinking: /home/robot/catkin_ws/devel/share/common-lisp/ros/dynamixel_msgs/msg/MotorState.lisp
Already unlinked: {}
Unlinking: /home/robot/catkin_ws/devel/share/common-lisp/ros/dynamixel_msgs/msg/dynamixel_msgs-msg.asd
Already unlinked: {}
Unlinking: /home/robot/catkin_ws/devel/share/common-lisp/ros/dynamixel_msgs/msg/_package_JointState.lisp
Already unlinked: {}
Unlinking: /home/robot/catkin_ws/devel/share/common-lisp/ros/dynamixel_msgs/msg/_package_MotorState.lisp
Already unlinked: {}
Unlinking: /home/robot/catkin_ws/devel/share/common-lisp/ros/dynamixel_msgs/msg/MotorStateList.lisp
Already unlinked: {}
Unlinking: /home/robot/catkin_ws/devel/share/common-lisp/ros/dynamixel_msgs/msg/_package_MotorStateList.lisp
Already unlinked: {}
Unlinking: /home/robot/catkin_ws/devel/share/common-lisp/ros/dynamixel_msgs/msg/_package.lisp
Already unlinked: {}
Unlinking: /home/robot/catkin_ws/devel/share/gennodejs/ros/dynamixel_msgs/_index.js
Already unlinked: {}
Unlinking: /home/robot/catkin_ws/devel/share/gennodejs/ros/dynamixel_msgs/msg/_index.js
Already unlinked: {}
Unlinking: /home/robot/catkin_ws/devel/share/gennodejs/ros/dynamixel_msgs/msg/MotorState.js
Already unlinked: {}
Unlinking: /home/robot/catkin_ws/devel/share/gennodejs/ros/dynamixel_msgs/msg/MotorStateList.js
Already unlinked: {}
Unlinking: /home/robot/catkin_ws/devel/share/gennodejs/ros/dynamixel_msgs/msg/JointState.js
Already unlinked: {}
Unlinking: /home/robot/catkin_ws/devel/share/roseus/ros/dynamixel_msgs/manifest.l
Already unlinked: {}
Unlinking: /home/robot/catkin_ws/devel/share/roseus/ros/dynamixel_msgs/msg/JointState.l
Already unlinked: {}
Unlinking: /home/robot/catkin_ws/devel/share/roseus/ros/dynamixel_msgs/msg/MotorStateList.l
Already unlinked: {}
Unlinking: /home/robot/catkin_ws/devel/share/roseus/ros/dynamixel_msgs/msg/MotorState.l
Already unlinked: {}
Unlinking: /home/robot/catkin_ws/devel/share/dynamixel_msgs/cmake/dynamixel_msgsConfig-version.cmake
Already unlinked: {}
Unlinking: /home/robot/catkin_ws/devel/share/dynamixel_msgs/cmake/dynamixel_msgs-msg-paths.cmake
Already unlinked: {}
Unlinking: /home/robot/catkin_ws/devel/share/dynamixel_msgs/cmake/dynamixel_msgsConfig.cmake
Already unlinked: {}
Unlinking: /home/robot/catkin_ws/devel/share/dynamixel_msgs/cmake/dynamixel_msgs-msg-extras.cmake
Already unlinked: {}
