Symlinking /home/robot/ws/catkin_ws/devel/lib/libkobuki_ros.so
Symlinking /home/robot/ws/catkin_ws/devel/lib/libkobuki_nodelet.so
Symlinking /home/robot/ws/catkin_ws/devel/lib/pkgconfig/kobuki_node.pc
Symlinking /home/robot/ws/catkin_ws/devel/share/kobuki_node/cmake/kobuki_nodeConfig.cmake
Symlinking /home/robot/ws/catkin_ws/devel/share/kobuki_node/cmake/kobuki_nodeConfig-version.cmake
Cleaning: (/home/robot/catkin_ws/devel/.private/kobuki_node/lib/libkobuki_ros.so, /home/robot/catkin_ws/devel/lib/libkobuki_ros.so)
Cleaning: (/home/robot/catkin_ws/devel/.private/kobuki_node/lib/libkobuki_nodelet.so, /home/robot/catkin_ws/devel/lib/libkobuki_nodelet.so)
Cleaning: (/home/robot/catkin_ws/devel/.private/kobuki_node/lib/pkgconfig/kobuki_node.pc, /home/robot/catkin_ws/devel/lib/pkgconfig/kobuki_node.pc)
Cleaning: (/home/robot/catkin_ws/devel/.private/kobuki_node/share/kobuki_node/cmake/kobuki_nodeConfig.cmake, /home/robot/catkin_ws/devel/share/kobuki_node/cmake/kobuki_nodeConfig.cmake)
Cleaning: (/home/robot/catkin_ws/devel/.private/kobuki_node/share/kobuki_node/cmake/kobuki_nodeConfig-version.cmake, /home/robot/catkin_ws/devel/share/kobuki_node/cmake/kobuki_nodeConfig-version.cmake)
Unlinking: /home/robot/catkin_ws/devel/lib/libkobuki_ros.so
Already unlinked: {}
Unlinking: /home/robot/catkin_ws/devel/lib/libkobuki_nodelet.so
Already unlinked: {}
Unlinking: /home/robot/catkin_ws/devel/lib/pkgconfig/kobuki_node.pc
Already unlinked: {}
Unlinking: /home/robot/catkin_ws/devel/share/kobuki_node/cmake/kobuki_nodeConfig.cmake
Already unlinked: {}
Unlinking: /home/robot/catkin_ws/devel/share/kobuki_node/cmake/kobuki_nodeConfig-version.cmake
Already unlinked: {}
