Symlinking /home/robot/ws/catkin_ws/devel/./local_setup.sh
Symlinking /home/robot/ws/catkin_ws/devel/./setup.sh
Symlinking /home/robot/ws/catkin_ws/devel/./setup.bash
Symlinking /home/robot/ws/catkin_ws/devel/./setup.zsh
Symlinking /home/robot/ws/catkin_ws/devel/./_setup_util.py
Symlinking /home/robot/ws/catkin_ws/devel/./setup.fish
Symlinking /home/robot/ws/catkin_ws/devel/./env.sh
Symlinking /home/robot/ws/catkin_ws/devel/./local_setup.fish
Symlinking /home/robot/ws/catkin_ws/devel/./local_setup.zsh
Symlinking /home/robot/ws/catkin_ws/devel/./local_setup.bash
Symlinking /home/robot/ws/catkin_ws/devel/lib/pkgconfig/catkin_tools_prebuild.pc
Symlinking /home/robot/ws/catkin_ws/devel/share/catkin_tools_prebuild/cmake/catkin_tools_prebuildConfig-version.cmake
Symlinking /home/robot/ws/catkin_ws/devel/share/catkin_tools_prebuild/cmake/catkin_tools_prebuildConfig.cmake
Cleaning: (/home/robot/catkin_ws/devel/.private/catkin_tools_prebuild/local_setup.sh, /home/robot/catkin_ws/devel/./local_setup.sh)
Cleaning: (/home/robot/catkin_ws/devel/.private/catkin_tools_prebuild/setup.sh, /home/robot/catkin_ws/devel/./setup.sh)
Cleaning: (/home/robot/catkin_ws/devel/.private/catkin_tools_prebuild/setup.bash, /home/robot/catkin_ws/devel/./setup.bash)
Cleaning: (/home/robot/catkin_ws/devel/.private/catkin_tools_prebuild/setup.zsh, /home/robot/catkin_ws/devel/./setup.zsh)
Cleaning: (/home/robot/catkin_ws/devel/.private/catkin_tools_prebuild/_setup_util.py, /home/robot/catkin_ws/devel/./_setup_util.py)
Cleaning: (/home/robot/catkin_ws/devel/.private/catkin_tools_prebuild/setup.fish, /home/robot/catkin_ws/devel/./setup.fish)
Cleaning: (/home/robot/catkin_ws/devel/.private/catkin_tools_prebuild/env.sh, /home/robot/catkin_ws/devel/./env.sh)
Cleaning: (/home/robot/catkin_ws/devel/.private/catkin_tools_prebuild/local_setup.fish, /home/robot/catkin_ws/devel/./local_setup.fish)
Cleaning: (/home/robot/catkin_ws/devel/.private/catkin_tools_prebuild/local_setup.zsh, /home/robot/catkin_ws/devel/./local_setup.zsh)
Cleaning: (/home/robot/catkin_ws/devel/.private/catkin_tools_prebuild/local_setup.bash, /home/robot/catkin_ws/devel/./local_setup.bash)
Cleaning: (/home/robot/catkin_ws/devel/.private/catkin_tools_prebuild/lib/pkgconfig/catkin_tools_prebuild.pc, /home/robot/catkin_ws/devel/lib/pkgconfig/catkin_tools_prebuild.pc)
Cleaning: (/home/robot/catkin_ws/devel/.private/catkin_tools_prebuild/share/catkin_tools_prebuild/cmake/catkin_tools_prebuildConfig-version.cmake, /home/robot/catkin_ws/devel/share/catkin_tools_prebuild/cmake/catkin_tools_prebuildConfig-version.cmake)
Cleaning: (/home/robot/catkin_ws/devel/.private/catkin_tools_prebuild/share/catkin_tools_prebuild/cmake/catkin_tools_prebuildConfig.cmake, /home/robot/catkin_ws/devel/share/catkin_tools_prebuild/cmake/catkin_tools_prebuildConfig.cmake)
Unlinking: /home/robot/catkin_ws/devel/./local_setup.sh
Already unlinked: {}
Unlinking: /home/robot/catkin_ws/devel/./setup.sh
Already unlinked: {}
Unlinking: /home/robot/catkin_ws/devel/./setup.bash
Already unlinked: {}
Unlinking: /home/robot/catkin_ws/devel/./setup.zsh
Already unlinked: {}
Unlinking: /home/robot/catkin_ws/devel/./_setup_util.py
Already unlinked: {}
Unlinking: /home/robot/catkin_ws/devel/./setup.fish
Already unlinked: {}
Unlinking: /home/robot/catkin_ws/devel/./env.sh
Already unlinked: {}
Unlinking: /home/robot/catkin_ws/devel/./local_setup.fish
Already unlinked: {}
Unlinking: /home/robot/catkin_ws/devel/./local_setup.zsh
Already unlinked: {}
Unlinking: /home/robot/catkin_ws/devel/./local_setup.bash
Already unlinked: {}
Unlinking: /home/robot/catkin_ws/devel/lib/pkgconfig/catkin_tools_prebuild.pc
Already unlinked: {}
Unlinking: /home/robot/catkin_ws/devel/share/catkin_tools_prebuild/cmake/catkin_tools_prebuildConfig-version.cmake
Already unlinked: {}
Unlinking: /home/robot/catkin_ws/devel/share/catkin_tools_prebuild/cmake/catkin_tools_prebuildConfig.cmake
Already unlinked: {}
