[35m[1mScanning dependencies of target _dynamixel_controllers_generate_messages_check_deps_SetCompliancePunch[0m
[35m[1mScanning dependencies of target _dynamixel_controllers_generate_messages_check_deps_SetTorqueLimit[0m
[35m[1mScanning dependencies of target _dynamixel_controllers_generate_messages_check_deps_RestartController[0m
[35m[1mScanning dependencies of target _dynamixel_controllers_generate_messages_check_deps_StopController[0m
[35m[1mScanning dependencies of target _dynamixel_controllers_generate_messages_check_deps_TorqueEnable[0m
[35m[1mScanning dependencies of target _dynamixel_controllers_generate_messages_check_deps_SetComplianceMargin[0m
[35m[1mScanning dependencies of target _dynamixel_controllers_generate_messages_check_deps_StartController[0m
[35m[1mScanning dependencies of target _dynamixel_controllers_generate_messages_check_deps_SetSpeed[0m
[35m[1mScanning dependencies of target _dynamixel_controllers_generate_messages_check_deps_SetComplianceSlope[0m
[  0%] Built target _dynamixel_controllers_generate_messages_check_deps_SetTorqueLimit
[  0%] Built target _dynamixel_controllers_generate_messages_check_deps_SetCompliancePunch
[  0%] Built target _dynamixel_controllers_generate_messages_check_deps_StopController
[  0%] Built target _dynamixel_controllers_generate_messages_check_deps_SetSpeed
[  0%] Built target _dynamixel_controllers_generate_messages_check_deps_RestartController
[  0%] Built target _dynamixel_controllers_generate_messages_check_deps_TorqueEnable
[  0%] Built target _dynamixel_controllers_generate_messages_check_deps_StartController
[  0%] Built target _dynamixel_controllers_generate_messages_check_deps_SetComplianceMargin
[  0%] Built target _dynamixel_controllers_generate_messages_check_deps_SetComplianceSlope
[35m[1mScanning dependencies of target dynamixel_controllers_generate_messages_lisp[0m
[35m[1mScanning dependencies of target dynamixel_controllers_generate_messages_cpp[0m
[35m[1mScanning dependencies of target dynamixel_controllers_generate_messages_eus[0m
[35m[1mScanning dependencies of target dynamixel_controllers_generate_messages_py[0m
[35m[1mScanning dependencies of target dynamixel_controllers_generate_messages_nodejs[0m
[  2%] [34m[1mGenerating Lisp code from dynamixel_controllers/RestartController.srv[0m
[  6%] [34m[1mGenerating Lisp code from dynamixel_controllers/SetComplianceMargin.srv[0m
[  6%] [34m[1mGenerating Lisp code from dynamixel_controllers/SetTorqueLimit.srv[0m
[  8%] [34m[1mGenerating Lisp code from dynamixel_controllers/StopController.srv[0m
[ 10%] [34m[1mGenerating Lisp code from dynamixel_controllers/SetSpeed.srv[0m
[ 12%] [34m[1mGenerating Lisp code from dynamixel_controllers/SetComplianceSlope.srv[0m
[ 14%] [34m[1mGenerating EusLisp code from dynamixel_controllers/RestartController.srv[0m
[ 17%] [34m[1mGenerating Lisp code from dynamixel_controllers/SetCompliancePunch.srv[0m
[ 19%] [34m[1mGenerating Python code from SRV dynamixel_controllers/RestartController[0m
[ 21%] [34m[1mGenerating Javascript code from dynamixel_controllers/RestartController.srv[0m
[ 23%] [34m[1mGenerating C++ code from dynamixel_controllers/RestartController.srv[0m
[ 25%] [34m[1mGenerating Lisp code from dynamixel_controllers/StartController.srv[0m
[ 27%] [34m[1mGenerating C++ code from dynamixel_controllers/SetComplianceMargin.srv[0m
[ 29%] [34m[1mGenerating C++ code from dynamixel_controllers/SetCompliancePunch.srv[0m
[ 31%] [34m[1mGenerating Python code from SRV dynamixel_controllers/SetComplianceMargin[0m
[ 34%] [34m[1mGenerating C++ code from dynamixel_controllers/SetComplianceSlope.srv[0m
[ 36%] [34m[1mGenerating C++ code from dynamixel_controllers/SetSpeed.srv[0m
[ 38%] [34m[1mGenerating Python code from SRV dynamixel_controllers/SetCompliancePunch[0m
[ 40%] [34m[1mGenerating Lisp code from dynamixel_controllers/TorqueEnable.srv[0m
[ 42%] [34m[1mGenerating Javascript code from dynamixel_controllers/SetComplianceMargin.srv[0m
[ 44%] [34m[1mGenerating EusLisp code from dynamixel_controllers/SetComplianceMargin.srv[0m
[ 46%] [34m[1mGenerating C++ code from dynamixel_controllers/SetTorqueLimit.srv[0m
[ 48%] [34m[1mGenerating Javascript code from dynamixel_controllers/SetCompliancePunch.srv[0m
[ 48%] Built target dynamixel_controllers_generate_messages_lisp
[ 51%] [34m[1mGenerating EusLisp code from dynamixel_controllers/SetCompliancePunch.srv[0m
[ 53%] [34m[1mGenerating Python code from SRV dynamixel_controllers/SetComplianceSlope[0m
[ 55%] [34m[1mGenerating Python code from SRV dynamixel_controllers/SetSpeed[0m
[ 59%] [34m[1mGenerating Python code from SRV dynamixel_controllers/SetTorqueLimit[0m
[ 59%] [34m[1mGenerating C++ code from dynamixel_controllers/StartController.srv[0m
[ 61%] [34m[1mGenerating C++ code from dynamixel_controllers/TorqueEnable.srv[0m
[ 63%] [34m[1mGenerating C++ code from dynamixel_controllers/StopController.srv[0m
[ 65%] [34m[1mGenerating Javascript code from dynamixel_controllers/SetComplianceSlope.srv[0m
[ 68%] [34m[1mGenerating Python code from SRV dynamixel_controllers/StartController[0m
[ 70%] [34m[1mGenerating Python code from SRV dynamixel_controllers/StopController[0m
[ 72%] [34m[1mGenerating EusLisp code from dynamixel_controllers/SetComplianceSlope.srv[0m
[ 74%] [34m[1mGenerating EusLisp code from dynamixel_controllers/SetSpeed.srv[0m
[ 76%] [34m[1mGenerating Javascript code from dynamixel_controllers/SetSpeed.srv[0m
[ 78%] [34m[1mGenerating EusLisp code from dynamixel_controllers/SetTorqueLimit.srv[0m
[ 80%] [34m[1mGenerating Python code from SRV dynamixel_controllers/TorqueEnable[0m
[ 82%] [34m[1mGenerating Javascript code from dynamixel_controllers/SetTorqueLimit.srv[0m
[ 85%] [34m[1mGenerating EusLisp code from dynamixel_controllers/StartController.srv[0m
[ 87%] [34m[1mGenerating Javascript code from dynamixel_controllers/StartController.srv[0m
[ 89%] [34m[1mGenerating EusLisp code from dynamixel_controllers/StopController.srv[0m
[ 91%] [34m[1mGenerating EusLisp code from dynamixel_controllers/TorqueEnable.srv[0m
[ 93%] [34m[1mGenerating EusLisp manifest code for dynamixel_controllers[0m
[ 95%] [34m[1mGenerating Javascript code from dynamixel_controllers/TorqueEnable.srv[0m
[ 97%] [34m[1mGenerating Javascript code from dynamixel_controllers/StopController.srv[0m
[ 97%] Built target dynamixel_controllers_generate_messages_cpp
[ 97%] Built target dynamixel_controllers_generate_messages_nodejs
[100%] [34m[1mGenerating Python srv __init__.py for dynamixel_controllers[0m
[100%] Built target dynamixel_controllers_generate_messages_py
[100%] Built target dynamixel_controllers_generate_messages_eus
[35m[1mScanning dependencies of target dynamixel_controllers_generate_messages[0m
[100%] Built target dynamixel_controllers_generate_messages
