Symlinking /home/robot/ws/catkin_ws/devel/lib/libyocs_cmd_vel_mux_nodelet.so
Symlinking /home/robot/ws/catkin_ws/devel/lib/python3/dist-packages/yocs_cmd_vel_mux/__init__.py
Symlinking /home/robot/ws/catkin_ws/devel/lib/python3/dist-packages/yocs_cmd_vel_mux/cfg/reloadConfig.py
Symlinking /home/robot/ws/catkin_ws/devel/lib/python3/dist-packages/yocs_cmd_vel_mux/cfg/__init__.py
Symlinking /home/robot/ws/catkin_ws/devel/lib/pkgconfig/yocs_cmd_vel_mux.pc
Symlinking /home/robot/ws/catkin_ws/devel/include/yocs_cmd_vel_mux/reloadConfig.h
Symlinking /home/robot/ws/catkin_ws/devel/share/yocs_cmd_vel_mux/cmake/yocs_cmd_vel_muxConfig-version.cmake
Symlinking /home/robot/ws/catkin_ws/devel/share/yocs_cmd_vel_mux/cmake/yocs_cmd_vel_muxConfig.cmake
Symlinking /home/robot/ws/catkin_ws/devel/share/yocs_cmd_vel_mux/docs/reloadConfig.wikidoc
Symlinking /home/robot/ws/catkin_ws/devel/share/yocs_cmd_vel_mux/docs/reloadConfig.dox
Symlinking /home/robot/ws/catkin_ws/devel/share/yocs_cmd_vel_mux/docs/reloadConfig-usage.dox
Cleaning: (/home/robot/catkin_ws/devel/.private/yocs_cmd_vel_mux/lib/libyocs_cmd_vel_mux_nodelet.so, /home/robot/catkin_ws/devel/lib/libyocs_cmd_vel_mux_nodelet.so)
Cleaning: (/home/robot/catkin_ws/devel/.private/yocs_cmd_vel_mux/lib/python3/dist-packages/yocs_cmd_vel_mux/__init__.py, /home/robot/catkin_ws/devel/lib/python3/dist-packages/yocs_cmd_vel_mux/__init__.py)
Cleaning: (/home/robot/catkin_ws/devel/.private/yocs_cmd_vel_mux/lib/python3/dist-packages/yocs_cmd_vel_mux/cfg/reloadConfig.py, /home/robot/catkin_ws/devel/lib/python3/dist-packages/yocs_cmd_vel_mux/cfg/reloadConfig.py)
Cleaning: (/home/robot/catkin_ws/devel/.private/yocs_cmd_vel_mux/lib/python3/dist-packages/yocs_cmd_vel_mux/cfg/__init__.py, /home/robot/catkin_ws/devel/lib/python3/dist-packages/yocs_cmd_vel_mux/cfg/__init__.py)
Cleaning: (/home/robot/catkin_ws/devel/.private/yocs_cmd_vel_mux/lib/pkgconfig/yocs_cmd_vel_mux.pc, /home/robot/catkin_ws/devel/lib/pkgconfig/yocs_cmd_vel_mux.pc)
Cleaning: (/home/robot/catkin_ws/devel/.private/yocs_cmd_vel_mux/include/yocs_cmd_vel_mux/reloadConfig.h, /home/robot/catkin_ws/devel/include/yocs_cmd_vel_mux/reloadConfig.h)
Cleaning: (/home/robot/catkin_ws/devel/.private/yocs_cmd_vel_mux/share/yocs_cmd_vel_mux/cmake/yocs_cmd_vel_muxConfig-version.cmake, /home/robot/catkin_ws/devel/share/yocs_cmd_vel_mux/cmake/yocs_cmd_vel_muxConfig-version.cmake)
Cleaning: (/home/robot/catkin_ws/devel/.private/yocs_cmd_vel_mux/share/yocs_cmd_vel_mux/cmake/yocs_cmd_vel_muxConfig.cmake, /home/robot/catkin_ws/devel/share/yocs_cmd_vel_mux/cmake/yocs_cmd_vel_muxConfig.cmake)
Cleaning: (/home/robot/catkin_ws/devel/.private/yocs_cmd_vel_mux/share/yocs_cmd_vel_mux/docs/reloadConfig.wikidoc, /home/robot/catkin_ws/devel/share/yocs_cmd_vel_mux/docs/reloadConfig.wikidoc)
Cleaning: (/home/robot/catkin_ws/devel/.private/yocs_cmd_vel_mux/share/yocs_cmd_vel_mux/docs/reloadConfig.dox, /home/robot/catkin_ws/devel/share/yocs_cmd_vel_mux/docs/reloadConfig.dox)
Cleaning: (/home/robot/catkin_ws/devel/.private/yocs_cmd_vel_mux/share/yocs_cmd_vel_mux/docs/reloadConfig-usage.dox, /home/robot/catkin_ws/devel/share/yocs_cmd_vel_mux/docs/reloadConfig-usage.dox)
Unlinking: /home/robot/catkin_ws/devel/lib/libyocs_cmd_vel_mux_nodelet.so
Already unlinked: {}
Unlinking: /home/robot/catkin_ws/devel/lib/python3/dist-packages/yocs_cmd_vel_mux/__init__.py
Already unlinked: {}
Unlinking: /home/robot/catkin_ws/devel/lib/python3/dist-packages/yocs_cmd_vel_mux/cfg/reloadConfig.py
Already unlinked: {}
Unlinking: /home/robot/catkin_ws/devel/lib/python3/dist-packages/yocs_cmd_vel_mux/cfg/__init__.py
Already unlinked: {}
Unlinking: /home/robot/catkin_ws/devel/lib/pkgconfig/yocs_cmd_vel_mux.pc
Already unlinked: {}
Unlinking: /home/robot/catkin_ws/devel/include/yocs_cmd_vel_mux/reloadConfig.h
Already unlinked: {}
Unlinking: /home/robot/catkin_ws/devel/share/yocs_cmd_vel_mux/cmake/yocs_cmd_vel_muxConfig-version.cmake
Already unlinked: {}
Unlinking: /home/robot/catkin_ws/devel/share/yocs_cmd_vel_mux/cmake/yocs_cmd_vel_muxConfig.cmake
Already unlinked: {}
Unlinking: /home/robot/catkin_ws/devel/share/yocs_cmd_vel_mux/docs/reloadConfig.wikidoc
Already unlinked: {}
Unlinking: /home/robot/catkin_ws/devel/share/yocs_cmd_vel_mux/docs/reloadConfig.dox
Already unlinked: {}
Unlinking: /home/robot/catkin_ws/devel/share/yocs_cmd_vel_mux/docs/reloadConfig-usage.dox
Already unlinked: {}
